<?xml version="1.0" encoding="UTF-8"?>
<testng-results skipped="0" failed="1" ignored="0" total="1" passed="0">
  <reporter-output>
  </reporter-output>
  <suite name="Default suite" duration-ms="1311" started-at="2020-08-13T23:12:49 IST" finished-at="2020-08-13T23:12:51 IST">
    <groups>
    </groups>
    <test name="Default test" duration-ms="1311" started-at="2020-08-13T23:12:49 IST" finished-at="2020-08-13T23:12:51 IST">
      <class name="com.HiverTest.HiverBasics">
        <test-method status="PASS" signature="browserSetup()[pri:0, instance:com.HiverTest.HiverBasics@67205a84]" name="browserSetup" is-config="true" duration-ms="6378" started-at="2020-08-13T23:12:43 IST" finished-at="2020-08-13T23:12:49 IST">
          <reporter-output>
          </reporter-output>
        </test-method> <!-- browserSetup -->
        <test-method status="FAIL" signature="Setup()[pri:0, instance:com.HiverTest.HiverBasics@67205a84]" name="Setup" duration-ms="260" started-at="2020-08-13T23:12:49 IST" finished-at="2020-08-13T23:12:50 IST">
          <exception class="org.apache.poi.poifs.filesystem.OfficeXmlFileException">
            <message>
              <![CDATA[The supplied data appears to be in the Office 2007+ XML. You are calling the part of POI that deals with OLE2 Office Documents. You need to call a different part of POI to process this data (eg XSSF instead of HSSF)]]>
            </message>
            <full-stacktrace>
              <![CDATA[org.apache.poi.poifs.filesystem.OfficeXmlFileException: The supplied data appears to be in the Office 2007+ XML. You are calling the part of POI that deals with OLE2 Office Documents. You need to call a different part of POI to process this data (eg XSSF instead of HSSF)
at org.apache.poi.poifs.storage.HeaderBlock.<init>(HeaderBlock.java:130)
at org.apache.poi.poifs.storage.HeaderBlock.<init>(HeaderBlock.java:117)
at org.apache.poi.poifs.filesystem.POIFSFileSystem.<init>(POIFSFileSystem.java:285)
at org.apache.poi.hssf.usermodel.HSSFWorkbook.<init>(HSSFWorkbook.java:400)
at org.apache.poi.hssf.usermodel.HSSFWorkbook.<init>(HSSFWorkbook.java:381)
at com.HiverTest.HiverBasics.Setup(HiverBasics.java:48)
at sun.reflect.NativeMethodAccessorImpl.invoke0(Native Method)
at sun.reflect.NativeMethodAccessorImpl.invoke(Unknown Source)
at sun.reflect.DelegatingMethodAccessorImpl.invoke(Unknown Source)
at java.lang.reflect.Method.invoke(Unknown Source)
at org.testng.internal.MethodInvocationHelper.invokeMethod(MethodInvocationHelper.java:135)
at org.testng.internal.TestInvoker.invokeMethod(TestInvoker.java:598)
at org.testng.internal.TestInvoker.invokeTestMethod(TestInvoker.java:174)
at org.testng.internal.MethodRunner.runInSequence(MethodRunner.java:46)
at org.testng.internal.TestInvoker$MethodInvocationAgent.invoke(TestInvoker.java:821)
at org.testng.internal.TestInvoker.invokeTestMethods(TestInvoker.java:147)
at org.testng.internal.TestMethodWorker.invokeTestMethods(TestMethodWorker.java:146)
at org.testng.internal.TestMethodWorker.run(TestMethodWorker.java:128)
at java.util.ArrayList.forEach(Unknown Source)
at org.testng.TestRunner.privateRun(TestRunner.java:767)
at org.testng.TestRunner.run(TestRunner.java:588)
at org.testng.SuiteRunner.runTest(SuiteRunner.java:384)
at org.testng.SuiteRunner.runSequentially(SuiteRunner.java:378)
at org.testng.SuiteRunner.privateRun(SuiteRunner.java:337)
at org.testng.SuiteRunner.run(SuiteRunner.java:286)
at org.testng.SuiteRunnerWorker.runSuite(SuiteRunnerWorker.java:53)
at org.testng.SuiteRunnerWorker.run(SuiteRunnerWorker.java:96)
at org.testng.TestNG.runSuitesSequentially(TestNG.java:1214)
at org.testng.TestNG.runSuitesLocally(TestNG.java:1136)
at org.testng.TestNG.runSuites(TestNG.java:1066)
at org.testng.TestNG.run(TestNG.java:1034)
at org.testng.remote.AbstractRemoteTestNG.run(AbstractRemoteTestNG.java:115)
at org.testng.remote.RemoteTestNG.initAndRun(RemoteTestNG.java:251)
at org.testng.remote.RemoteTestNG.main(RemoteTestNG.java:77)
]]>
            </full-stacktrace>
          </exception> <!-- org.apache.poi.poifs.filesystem.OfficeXmlFileException -->
          <reporter-output>
          </reporter-output>
        </test-method> <!-- Setup -->
        <test-method status="PASS" signature="closeBrowser()[pri:0, instance:com.HiverTest.HiverBasics@67205a84]" name="closeBrowser" is-config="true" duration-ms="958" started-at="2020-08-13T23:12:50 IST" finished-at="2020-08-13T23:12:51 IST">
          <reporter-output>
          </reporter-output>
        </test-method> <!-- closeBrowser -->
      </class> <!-- com.HiverTest.HiverBasics -->
    </test> <!-- Default test -->
  </suite> <!-- Default suite -->
</testng-results>
