<?xml version="1.0" encoding="UTF-8"?>
<!-- Generated by org.testng.reporters.JUnitXMLReporter -->
<testsuite hostname="DESKTOP-J9AOG6S" ignored="0" name="Test" tests="1" failures="1" timestamp="2020-08-13T23:07:20 IST" time="0.808" errors="0">
  <testcase name="Setup" time="0.011" classname="com.HiverTest.HiverBasics">
    <failure type="java.io.FileNotFoundException" message="dataSrc.xlsx (The system cannot find the file specified)">
      <![CDATA[java.io.FileNotFoundException: dataSrc.xlsx (The system cannot find the file specified)
at java.io.FileInputStream.open0(Native Method)
at java.io.FileInputStream.open(Unknown Source)
at java.io.FileInputStream.<init>(Unknown Source)
at java.io.FileInputStream.<init>(Unknown Source)
at com.HiverTest.HiverBasics.Setup(HiverBasics.java:46)
at java.util.ArrayList.forEach(Unknown Source)
... Removed 27 stack frames]]>
    </failure>
  </testcase> <!-- Setup -->
</testsuite> <!-- Test -->
